<?xml version="1.0" encoding="UTF-8"?>
<testsuite xmlns:xsi="http://www.w3.org/2001/XMLSchema-instance" xsi:noNamespaceSchemaLocation="https://maven.apache.org/surefire/maven-surefire-plugin/xsd/surefire-test-report-3.0.xsd" version="3.0" name="org.hsh.games.aoe.domain.services.PlayerServiceTest" time="114.31" tests="35" errors="0" skipped="0" failures="0">
  <properties>
[...]
</properties>
  <testcase name="shouldGetConstructionCostMultiplier" classname="org.hsh.games.aoe.domain.services.PlayerServiceTest" time="3.025">
    <system-out><![CDATA[Descoberta Uma Nova FASE TECNOLÓGICA! A Fase Uprising
]]></system-out>
  </testcase>
  <testcase name="shouldGetDailyRewardService" classname="org.hsh.games.aoe.domain.services.PlayerServiceTest" time="3.007">
    <system-out><![CDATA[Descoberta Uma Nova FASE TECNOLÓGICA! A Fase Uprising
]]></system-out>
  </testcase>
  <testcase name="shouldCheckIfBuildingAmountHasReachedLimit" classname="org.hsh.games.aoe.domain.services.PlayerServiceTest" time="3.011">
    <system-out><![CDATA[Descoberta Uma Nova FASE TECNOLÓGICA! A Fase Uprising
]]></system-out>
  </testcase>
  <testcase name="shouldStartWith3CyberOperatives" classname="org.hsh.games.aoe.domain.services.PlayerServiceTest" time="3.003">
    <system-out><![CDATA[Descoberta Uma Nova FASE TECNOLÓGICA! A Fase Uprising
]]></system-out>
  </testcase>
  <testcase name="shouldFailToRecruitWhenInsufficientResources" classname="org.hsh.games.aoe.domain.services.PlayerServiceTest" time="3.006">
    <system-out><![CDATA[Descoberta Uma Nova FASE TECNOLÓGICA! A Fase Uprising
🚫 You've reached the maximum number of cyber operatives for your current tech phase!
💡 Avance para a próxima fase tecnológica para aumentar o limite!
]]></system-out>
  </testcase>
  <testcase name="shouldHandleDeprecatedMethodIsPlayerEligibleForNewEra" classname="org.hsh.games.aoe.domain.services.PlayerServiceTest" time="3.007">
    <system-out><![CDATA[Descoberta Uma Nova FASE TECNOLÓGICA! A Fase Uprising
]]></system-out>
  </testcase>
  <testcase name="shouldGetAvailableConstructionTypes" classname="org.hsh.games.aoe.domain.services.PlayerServiceTest" time="3.006">
    <system-out><![CDATA[Descoberta Uma Nova FASE TECNOLÓGICA! A Fase Uprising
]]></system-out>
  </testcase>
  <testcase name="shouldGetMissingMandatoryBuildings" classname="org.hsh.games.aoe.domain.services.PlayerServiceTest" time="3.007">
    <system-out><![CDATA[Descoberta Uma Nova FASE TECNOLÓGICA! A Fase Uprising
]]></system-out>
  </testcase>
  <testcase name="shouldGetBuildingList" classname="org.hsh.games.aoe.domain.services.PlayerServiceTest" time="3.009">
    <system-out><![CDATA[Descoberta Uma Nova FASE TECNOLÓGICA! A Fase Uprising
]]></system-out>
  </testcase>
  <testcase name="shouldAddNewBuilding" classname="org.hsh.games.aoe.domain.services.PlayerServiceTest" time="3.007">
    <system-out><![CDATA[Descoberta Uma Nova FASE TECNOLÓGICA! A Fase Uprising
]]></system-out>
  </testcase>
  <testcase name="shouldCheckIfFirstTimeBuilding" classname="org.hsh.games.aoe.domain.services.PlayerServiceTest" time="3.006">
    <system-out><![CDATA[Descoberta Uma Nova FASE TECNOLÓGICA! A Fase Uprising
]]></system-out>
  </testcase>
  <testcase name="shouldHandleExceptionWhenClaimingRewardTwice" classname="org.hsh.games.aoe.domain.services.PlayerServiceTest" time="3.008">
    <system-out><![CDATA[Descoberta Uma Nova FASE TECNOLÓGICA! A Fase Uprising
Recompensa diária coletada!
Energy Cells: +50
Data Streams: +50
]]></system-out>
  </testcase>
  <testcase name="shouldGetPlayer" classname="org.hsh.games.aoe.domain.services.PlayerServiceTest" time="3.005">
    <system-out><![CDATA[Descoberta Uma Nova FASE TECNOLÓGICA! A Fase Uprising
]]></system-out>
  </testcase>
  <testcase name="shouldReturnNullWhenNoOperativeAvailable" classname="org.hsh.games.aoe.domain.services.PlayerServiceTest" time="3.008">
    <system-out><![CDATA[Descoberta Uma Nova FASE TECNOLÓGICA! A Fase Uprising
Todos os seus operativos cyber estão ocupados com tarefas!
Crie mais operativos cyber.
]]></system-out>
  </testcase>
  <testcase name="shouldGetLootMultiplier" classname="org.hsh.games.aoe.domain.services.PlayerServiceTest" time="3.005">
    <system-out><![CDATA[Descoberta Uma Nova FASE TECNOLÓGICA! A Fase Uprising
]]></system-out>
  </testcase>
  <testcase name="shouldGetAndSetPlayerResources" classname="org.hsh.games.aoe.domain.services.PlayerServiceTest" time="3.005">
    <system-out><![CDATA[Descoberta Uma Nova FASE TECNOLÓGICA! A Fase Uprising
]]></system-out>
  </testcase>
  <testcase name="shouldGetPlayerSkills" classname="org.hsh.games.aoe.domain.services.PlayerServiceTest" time="3.004">
    <system-out><![CDATA[Descoberta Uma Nova FASE TECNOLÓGICA! A Fase Uprising
]]></system-out>
  </testcase>
  <testcase name="shouldAddNewResourceWhenNotExists" classname="org.hsh.games.aoe.domain.services.PlayerServiceTest" time="3.005">
    <system-out><![CDATA[Descoberta Uma Nova FASE TECNOLÓGICA! A Fase Uprising
]]></system-out>
  </testcase>
  <testcase name="shouldCheckIfPlayerIsEligibleForNewPhase" classname="org.hsh.games.aoe.domain.services.PlayerServiceTest" time="3.007">
    <system-out><![CDATA[Descoberta Uma Nova FASE TECNOLÓGICA! A Fase Uprising
]]></system-out>
  </testcase>
  <testcase name="shouldGetConstructionTimeMultiplier" classname="org.hsh.games.aoe.domain.services.PlayerServiceTest" time="3.008">
    <system-out><![CDATA[Descoberta Uma Nova FASE TECNOLÓGICA! A Fase Uprising
✅ Skill upgrade completed! Construction Speed is now level 2
Cyber operative TestOperative is now available
✅ Skill upgrade completed! Construction Speed is now level 2
Cyber operative TestOperative is now available
]]></system-out>
  </testcase>
  <testcase name="shouldGetBuildingsFromConstructionName" classname="org.hsh.games.aoe.domain.services.PlayerServiceTest" time="3.007">
    <system-out><![CDATA[Descoberta Uma Nova FASE TECNOLÓGICA! A Fase Uprising

Operativo cyber consumiu 5 de Energy Cells

Operativo cyber consumiu 5 de Energy Cells

Operativo cyber consumiu 5 de Energy Cells
]]></system-out>
  </testcase>
  <testcase name="shouldAddResourceToExistingResource" classname="org.hsh.games.aoe.domain.services.PlayerServiceTest" time="3.007">
    <system-out><![CDATA[Descoberta Uma Nova FASE TECNOLÓGICA! A Fase Uprising

Operativo cyber consumiu 5 de Energy Cells

Operativo cyber consumiu 5 de Energy Cells

Operativo cyber consumiu 5 de Energy Cells
]]></system-out>
  </testcase>
  <testcase name="shouldFailToRecruitWhenAtOperativeLimit" classname="org.hsh.games.aoe.domain.services.PlayerServiceTest" time="3.006">
    <system-out><![CDATA[Descoberta Uma Nova FASE TECNOLÓGICA! A Fase Uprising

Operativo cyber consumiu 5 de Energy Cells

Operativo cyber consumiu 5 de Energy Cells

Operativo cyber consumiu 5 de Energy Cells
🚫 You've reached the maximum number of cyber operatives for your current tech phase!
💡 Avance para a próxima fase tecnológica para aumentar o limite!
]]></system-out>
  </testcase>
  <testcase name="shouldReturnFalseWhenNotEnoughResourcesForBuilding" classname="org.hsh.games.aoe.domain.services.PlayerServiceTest" time="3.009">
    <system-out><![CDATA[Descoberta Uma Nova FASE TECNOLÓGICA! A Fase Uprising

Operativo cyber consumiu 5 de Energy Cells

Operativo cyber consumiu 5 de Energy Cells

Operativo cyber consumiu 5 de Energy Cells
]]></system-out>
  </testcase>
  <testcase name="shouldCheckIfBuildingHasReachedMaxLevel" classname="org.hsh.games.aoe.domain.services.PlayerServiceTest" time="3.01">
    <system-out><![CDATA[Descoberta Uma Nova FASE TECNOLÓGICA! A Fase Uprising

Operativo cyber consumiu 5 de Energy Cells

Operativo cyber consumiu 5 de Energy Cells

Operativo cyber consumiu 5 de Energy Cells
]]></system-out>
  </testcase>
  <testcase name="shouldCheckIfPlayerHasEnoughResourcesForBuilding" classname="org.hsh.games.aoe.domain.services.PlayerServiceTest" time="3.009">
    <system-out><![CDATA[Descoberta Uma Nova FASE TECNOLÓGICA! A Fase Uprising

Operativo cyber consumiu 5 de Energy Cells

Operativo cyber consumiu 5 de Energy Cells

Operativo cyber consumiu 5 de Energy Cells
]]></system-out>
  </testcase>
  <testcase name="shouldGetAvailableCyberOperative" classname="org.hsh.games.aoe.domain.services.PlayerServiceTest" time="3.006">
    <system-out><![CDATA[Descoberta Uma Nova FASE TECNOLÓGICA! A Fase Uprising

Operativo cyber consumiu 5 de Energy Cells

Operativo cyber consumiu 5 de Energy Cells

Operativo cyber consumiu 5 de Energy Cells
]]></system-out>
  </testcase>
  <testcase name="shouldCreatePlayerServiceWithPlayer" classname="org.hsh.games.aoe.domain.services.PlayerServiceTest" time="6.013">
    <system-out><![CDATA[Descoberta Uma Nova FASE TECNOLÓGICA! A Fase Uprising

Operativo cyber consumiu 5 de Energy Cells

Operativo cyber consumiu 5 de Energy Cells

Operativo cyber consumiu 5 de Energy Cells
Descoberta Uma Nova FASE TECNOLÓGICA! A Fase Uprising

Operativo cyber consumiu 5 de Energy Cells

Operativo cyber consumiu 5 de Energy Cells

Operativo cyber consumiu 5 de Energy Cells
]]></system-out>
  </testcase>
  <testcase name="shouldRecruitNewCyberOperativeWhenConditionsMet" classname="org.hsh.games.aoe.domain.services.PlayerServiceTest" time="6.01">
    <system-out><![CDATA[Descoberta Uma Nova FASE TECNOLÓGICA! A Fase Uprising

Operativo cyber consumiu 5 de Energy Cells

Operativo cyber consumiu 5 de Energy Cells

Operativo cyber consumiu 5 de Energy Cells
Descoberta Uma Nova FASE TECNOLÓGICA! A Fase Augmented Streets

Operativo cyber consumiu 5 de Energy Cells

Operativo cyber consumiu 5 de Energy Cells

Operativo cyber consumiu 5 de Energy Cells
💰 Deducted 250 Energy, 150 Data, 80 Components
✅ New cyber operative recruited to your network!
🤖 CyberOperative operative4 foi adicionado à sua rede! (4/5 operativos)
]]></system-out>
  </testcase>
  <testcase name="shouldValidateMandatoryBuildings" classname="org.hsh.games.aoe.domain.services.PlayerServiceTest" time="3.011">
    <system-out><![CDATA[Descoberta Uma Nova FASE TECNOLÓGICA! A Fase Uprising

Operativo cyber consumiu 5 de Energy Cells

Operativo cyber consumiu 5 de Energy Cells

Operativo cyber consumiu 5 de Energy Cells
]]></system-out>
  </testcase>
  <testcase name="shouldClaimDailyReward" classname="org.hsh.games.aoe.domain.services.PlayerServiceTest" time="3.007">
    <system-out><![CDATA[Descoberta Uma Nova FASE TECNOLÓGICA! A Fase Uprising

Operativo cyber consumiu 5 de Energy Cells

Operativo cyber consumiu 5 de Energy Cells

Operativo cyber consumiu 5 de Energy Cells
Recompensa diária coletada!
Energy Cells: +50
Data Streams: +50
]]></system-out>
  </testcase>
  <testcase name="shouldReturnFalseForAlreadyBuiltBuilding" classname="org.hsh.games.aoe.domain.services.PlayerServiceTest" time="3.011">
    <system-out><![CDATA[Descoberta Uma Nova FASE TECNOLÓGICA! A Fase Uprising

Operativo cyber consumiu 5 de Energy Cells

Operativo cyber consumiu 5 de Energy Cells

Operativo cyber consumiu 5 de Energy Cells
]]></system-out>
  </testcase>
  <testcase name="shouldShowRecruitmentCost" classname="org.hsh.games.aoe.domain.services.PlayerServiceTest" time="3.005">
    <system-out><![CDATA[Descoberta Uma Nova FASE TECNOLÓGICA! A Fase Uprising

Operativo cyber consumiu 5 de Energy Cells

Operativo cyber consumiu 5 de Energy Cells

Operativo cyber consumiu 5 de Energy Cells
🚫 Já atingiste o limite máximo de operativos para esta fase tecnológica!
📊 Limite atual: 3/3 operativos
]]></system-out>
  </testcase>
  <testcase name="shouldGetCyberOperatives" classname="org.hsh.games.aoe.domain.services.PlayerServiceTest" time="3.006">
    <system-out><![CDATA[Descoberta Uma Nova FASE TECNOLÓGICA! A Fase Uprising

Operativo cyber consumiu 5 de Energy Cells

Operativo cyber consumiu 5 de Energy Cells

Operativo cyber consumiu 5 de Energy Cells
]]></system-out>
  </testcase>
  <testcase name="shouldCalculateMaxCyberOperativesBasedOnTechPhase" classname="org.hsh.games.aoe.domain.services.PlayerServiceTest" time="6.011">
    <system-out><![CDATA[Descoberta Uma Nova FASE TECNOLÓGICA! A Fase Uprising

Operativo cyber consumiu 5 de Energy Cells

Operativo cyber consumiu 5 de Energy Cells

Operativo cyber consumiu 5 de Energy Cells
Descoberta Uma Nova FASE TECNOLÓGICA! A Fase Augmented Streets

Operativo cyber consumiu 5 de Energy Cells

Operativo cyber consumiu 5 de Energy Cells

Operativo cyber consumiu 5 de Energy Cells
]]></system-out>
  </testcase>
</testsuite>