<?xml version="1.0" encoding="UTF-8"?>
<testsuite xmlns:xsi="http://www.w3.org/2001/XMLSchema-instance" xsi:noNamespaceSchemaLocation="https://maven.apache.org/surefire/maven-surefire-plugin/xsd/surefire-test-report-3.0.xsd" version="3.0" name="org.hsh.games.aoe.services.SkillServiceTest" time="36.274" tests="12" errors="0" skipped="0" failures="0">
  <properties>
[...]
</properties>
  <testcase name="testStartUpgrade_ValidRequest_StartsUpgrade" classname="org.hsh.games.aoe.services.SkillServiceTest" time="3.139">
    <system-out><![CDATA[Descoberta Uma Nova ERA! A Era da Idade da Pedra

Trabalhador consumiu 5 de Água

Trabalhador consumiu 5 de Água

Trabalhador consumiu 5 de Água
💰 Deducted 400 Madeira
💰 Deducted 320 Comida
💰 Deducted 200 Pedra
🎓 Started upgrading Construction Speed from level 1 to level 2
⏱️ Upgrade will complete in 60 seconds
👷 Worker worker1 is now working on the upgrade
]]></system-out>
  </testcase>
  <testcase name="testStartUpgrade_AnotherUpgradeRunning_ThrowsException" classname="org.hsh.games.aoe.services.SkillServiceTest" time="3.009">
    <system-out><![CDATA[Descoberta Uma Nova ERA! A Era da Idade da Pedra

Trabalhador consumiu 5 de Água

Trabalhador consumiu 5 de Água

Trabalhador consumiu 5 de Água
💰 Deducted 400 Madeira
💰 Deducted 320 Comida
💰 Deducted 200 Pedra
🎓 Started upgrading Construction Speed from level 1 to level 2
⏱️ Upgrade will complete in 60 seconds
👷 Worker worker1 is now working on the upgrade
]]></system-out>
  </testcase>
  <testcase name="testGetCurrentUpgrade_NoUpgrade_ReturnsNull" classname="org.hsh.games.aoe.services.SkillServiceTest" time="3.004">
    <system-out><![CDATA[Descoberta Uma Nova ERA! A Era da Idade da Pedra

Trabalhador consumiu 5 de Água

Trabalhador consumiu 5 de Água

Trabalhador consumiu 5 de Água
]]></system-out>
  </testcase>
  <testcase name="testStartUpgrade_MaxLevel_ThrowsException" classname="org.hsh.games.aoe.services.SkillServiceTest" time="3.009">
    <system-out><![CDATA[Descoberta Uma Nova ERA! A Era da Idade da Pedra

Trabalhador consumiu 5 de Água

Trabalhador consumiu 5 de Água

Trabalhador consumiu 5 de Água

O trabalhador terminou a tarefa: A iniciar produção de recursos...
Construção de Edifício: Casa
]]></system-out>
  </testcase>
  <testcase name="testGetInstance_ReturnsSameInstance" classname="org.hsh.games.aoe.services.SkillServiceTest" time="3.012">
    <system-out><![CDATA[Descoberta Uma Nova ERA! A Era da Idade da Pedra
&amp#27;[H&amp#27;[2J
Trabalhador consumiu 5 de Água

Trabalhador consumiu 5 de Água

Trabalhador consumiu 5 de Água
]]></system-out>
  </testcase>
  <testcase name="testStartUpgrade_NullArguments_ThrowsException" classname="org.hsh.games.aoe.services.SkillServiceTest" time="3.007">
    <system-out><![CDATA[Descoberta Uma Nova ERA! A Era da Idade da Pedra

Trabalhador consumiu 5 de Água

Trabalhador consumiu 5 de Água

Trabalhador consumiu 5 de Água
]]></system-out>
  </testcase>
  <testcase name="testStartUpgrade_NoAcademy_ThrowsException" classname="org.hsh.games.aoe.services.SkillServiceTest" time="3.008">
    <system-out><![CDATA[Descoberta Uma Nova ERA! A Era da Idade da Pedra

Trabalhador consumiu 5 de Água

Trabalhador consumiu 5 de Água

Trabalhador consumiu 5 de Água
]]></system-out>
  </testcase>
  <testcase name="testStartUpgrade_NoWorkerAvailable_ThrowsException" classname="org.hsh.games.aoe.services.SkillServiceTest" time="3.013">
    <system-out><![CDATA[Descoberta Uma Nova ERA! A Era da Idade da Pedra

Trabalhador consumiu 5 de Água

Trabalhador consumiu 5 de Água

Trabalhador consumiu 5 de Água
Todos os seus trabalhadores estão ocupados com tarefas!
Crie mais trabalhadores.
]]></system-out>
  </testcase>
  <testcase name="testStartUpgrade_InsufficientResources_ThrowsException" classname="org.hsh.games.aoe.services.SkillServiceTest" time="3.009">
    <system-out><![CDATA[Descoberta Uma Nova ERA! A Era da Idade da Pedra

Trabalhador consumiu 5 de Água

Trabalhador consumiu 5 de Água

Trabalhador consumiu 5 de Água
]]></system-out>
  </testcase>
  <testcase name="testListSkills_NullPlayerService_ThrowsException" classname="org.hsh.games.aoe.services.SkillServiceTest" time="3.014">
    <system-out><![CDATA[Descoberta Uma Nova ERA! A Era da Idade da Pedra

Trabalhador consumiu 5 de Água

Trabalhador consumiu 5 de Água

Trabalhador consumiu 5 de Água
]]></system-out>
  </testcase>
  <testcase name="testGetCurrentUpgrade_NullPlayerService_ThrowsException" classname="org.hsh.games.aoe.services.SkillServiceTest" time="3.015">
    <system-out><![CDATA[Descoberta Uma Nova ERA! A Era da Idade da Pedra

Trabalhador consumiu 5 de Água

Trabalhador consumiu 5 de Água

Trabalhador consumiu 5 de Água

Trabalhador consumiu 5 de Água

Trabalhador consumiu 5 de Água

Trabalhador consumiu 5 de Água
]]></system-out>
  </testcase>
  <testcase name="testListSkills_ReturnsAllSkills" classname="org.hsh.games.aoe.services.SkillServiceTest" time="3.006">
    <system-out><![CDATA[Descoberta Uma Nova ERA! A Era da Idade da Pedra

Trabalhador consumiu 5 de Água

Trabalhador consumiu 5 de Água

Trabalhador consumiu 5 de Água

Trabalhador consumiu 5 de Água

Trabalhador consumiu 5 de Água

Trabalhador consumiu 5 de Água
]]></system-out>
  </testcase>
</testsuite>